[debug] [2025-07-04T19:47:23.635Z] ----------------------------------------------------------------------
[debug] [2025-07-04T19:47:23.640Z] Command:       C:\Program Files\nodejs\node.exe C:\Users\Usuario\AppData\Roaming\npm\node_modules\firebase-tools\lib\bin\firebase.js init
[debug] [2025-07-04T19:47:23.641Z] CLI Version:   14.9.0
[debug] [2025-07-04T19:47:23.641Z] Platform:      win32
[debug] [2025-07-04T19:47:23.642Z] Node Version:  v22.17.0
[debug] [2025-07-04T19:47:23.642Z] Time:          Fri Jul 04 2025 13:47:23 GMT-0600 (hora estándar central)
[debug] [2025-07-04T19:47:23.643Z] ----------------------------------------------------------------------
[debug] 
[debug] [2025-07-04T19:47:24.191Z] > command requires scopes: ["email","openid","https://www.googleapis.com/auth/cloudplatformprojects.readonly","https://www.googleapis.com/auth/firebase","https://www.googleapis.com/auth/cloud-platform"]
[debug] [2025-07-04T19:47:24.192Z] > authorizing via signed-in user (garfiaskat78@gmail.com)
[info] 
     ######## #### ########  ######## ########     ###     ######  ########
     ##        ##  ##     ## ##       ##     ##  ##   ##  ##       ##
     ######    ##  ########  ######   ########  #########  ######  ######
     ##        ##  ##    ##  ##       ##     ## ##     ##       ## ##
     ##       #### ##     ## ######## ########  ##     ##  ######  ########

You're about to initialize a Firebase project in this directory:

  C:\Users\Usuario\Desktop\Proyecto\ink-floyd

Before we get started, keep in mind:

  * You are initializing within an existing Firebase project directory

